<?xml version="1.0" encoding="UTF-8"?>
<testsuite name="com.hayeon.springboot.web.PostsApiControllerTest" tests="1" skipped="0" failures="0" errors="0" timestamp="2020-03-14T12:49:48" hostname="LAPTOP-JEUCP6D8" time="1.326">
  <properties/>
  <testcase name="Posts_수정된다" classname="com.hayeon.springboot.web.PostsApiControllerTest" time="1.326"/>
  <system-out><![CDATA[21:49:34.713 [Test worker] DEBUG org.springframework.test.context.junit4.SpringJUnit4ClassRunner - SpringJUnit4ClassRunner constructor called with [class com.hayeon.springboot.web.PostsApiControllerTest]
21:49:34.727 [Test worker] DEBUG org.springframework.test.context.BootstrapUtils - Instantiating CacheAwareContextLoaderDelegate from class [org.springframework.test.context.cache.DefaultCacheAwareContextLoaderDelegate]
21:49:34.749 [Test worker] DEBUG org.springframework.test.context.BootstrapUtils - Instantiating BootstrapContext using constructor [public org.springframework.test.context.support.DefaultBootstrapContext(java.lang.Class,org.springframework.test.context.CacheAwareContextLoaderDelegate)]
21:49:34.796 [Test worker] DEBUG org.springframework.test.context.BootstrapUtils - Instantiating TestContextBootstrapper for test class [com.hayeon.springboot.web.PostsApiControllerTest] from class [org.springframework.boot.test.context.SpringBootTestContextBootstrapper]
21:49:34.831 [Test worker] INFO org.springframework.boot.test.context.SpringBootTestContextBootstrapper - Neither @ContextConfiguration nor @ContextHierarchy found for test class [com.hayeon.springboot.web.PostsApiControllerTest], using SpringBootContextLoader
21:49:34.851 [Test worker] DEBUG org.springframework.test.context.support.AbstractContextLoader - Did not detect default resource location for test class [com.hayeon.springboot.web.PostsApiControllerTest]: class path resource [com/hayeon/springboot/web/PostsApiControllerTest-context.xml] does not exist
21:49:34.853 [Test worker] DEBUG org.springframework.test.context.support.AbstractContextLoader - Did not detect default resource location for test class [com.hayeon.springboot.web.PostsApiControllerTest]: class path resource [com/hayeon/springboot/web/PostsApiControllerTestContext.groovy] does not exist
21:49:34.853 [Test worker] INFO org.springframework.test.context.support.AbstractContextLoader - Could not detect default resource locations for test class [com.hayeon.springboot.web.PostsApiControllerTest]: no resource found for suffixes {-context.xml, Context.groovy}.
21:49:34.855 [Test worker] INFO org.springframework.test.context.support.AnnotationConfigContextLoaderUtils - Could not detect default configuration classes for test class [com.hayeon.springboot.web.PostsApiControllerTest]: PostsApiControllerTest does not declare any static, non-private, non-final, nested classes annotated with @Configuration.
21:49:34.983 [Test worker] DEBUG org.springframework.test.context.support.ActiveProfilesUtils - Could not find an 'annotation declaring class' for annotation type [org.springframework.test.context.ActiveProfiles] and class [com.hayeon.springboot.web.PostsApiControllerTest]
21:49:35.268 [Test worker] DEBUG org.springframework.context.annotation.ClassPathScanningCandidateComponentProvider - Identified candidate component class: file [C:\Users\user\IdeaProjects\study\build\classes\java\main\com\hayeon\springboot\Application.class]
21:49:35.271 [Test worker] INFO org.springframework.boot.test.context.SpringBootTestContextBootstrapper - Found @SpringBootConfiguration com.hayeon.springboot.Application for test class com.hayeon.springboot.web.PostsApiControllerTest
21:49:35.579 [Test worker] DEBUG org.springframework.boot.test.context.SpringBootTestContextBootstrapper - @TestExecutionListeners is not present for class [com.hayeon.springboot.web.PostsApiControllerTest]: using defaults.
21:49:35.581 [Test worker] INFO org.springframework.boot.test.context.SpringBootTestContextBootstrapper - Loaded default TestExecutionListener class names from location [META-INF/spring.factories]: [org.springframework.boot.test.autoconfigure.restdocs.RestDocsTestExecutionListener, org.springframework.boot.test.autoconfigure.web.client.MockRestServiceServerResetTestExecutionListener, org.springframework.boot.test.autoconfigure.web.servlet.MockMvcPrintOnlyOnFailureTestExecutionListener, org.springframework.boot.test.autoconfigure.web.servlet.WebDriverTestExecutionListener, org.springframework.boot.test.mock.mockito.MockitoTestExecutionListener, org.springframework.boot.test.mock.mockito.ResetMocksTestExecutionListener, org.springframework.test.context.web.ServletTestExecutionListener, org.springframework.test.context.support.DirtiesContextBeforeModesTestExecutionListener, org.springframework.test.context.support.DependencyInjectionTestExecutionListener, org.springframework.test.context.support.DirtiesContextTestExecutionListener, org.springframework.test.context.transaction.TransactionalTestExecutionListener, org.springframework.test.context.jdbc.SqlScriptsTestExecutionListener]
21:49:35.646 [Test worker] INFO org.springframework.boot.test.context.SpringBootTestContextBootstrapper - Using TestExecutionListeners: [org.springframework.test.context.web.ServletTestExecutionListener@f50e7f9, org.springframework.test.context.support.DirtiesContextBeforeModesTestExecutionListener@2dcdbf6e, org.springframework.boot.test.mock.mockito.MockitoTestExecutionListener@68ce2685, org.springframework.boot.test.autoconfigure.SpringBootDependencyInjectionTestExecutionListener@2b8c4082, org.springframework.test.context.support.DirtiesContextTestExecutionListener@23eb1525, org.springframework.test.context.transaction.TransactionalTestExecutionListener@631df8f9, org.springframework.test.context.jdbc.SqlScriptsTestExecutionListener@7afe0011, org.springframework.boot.test.autoconfigure.restdocs.RestDocsTestExecutionListener@33bfd79c, org.springframework.boot.test.autoconfigure.web.client.MockRestServiceServerResetTestExecutionListener@4806bef3, org.springframework.boot.test.autoconfigure.web.servlet.MockMvcPrintOnlyOnFailureTestExecutionListener@44505d3a, org.springframework.boot.test.autoconfigure.web.servlet.WebDriverTestExecutionListener@4e243329, org.springframework.boot.test.mock.mockito.ResetMocksTestExecutionListener@36a0e46]
21:49:35.655 [Test worker] DEBUG org.springframework.test.annotation.ProfileValueUtils - Retrieved @ProfileValueSourceConfiguration [null] for test class [com.hayeon.springboot.web.PostsApiControllerTest]
21:49:35.656 [Test worker] DEBUG org.springframework.test.annotation.ProfileValueUtils - Retrieved ProfileValueSource type [class org.springframework.test.annotation.SystemProfileValueSource] for class [com.hayeon.springboot.web.PostsApiControllerTest]
21:49:35.665 [Test worker] DEBUG org.springframework.test.annotation.ProfileValueUtils - Retrieved @ProfileValueSourceConfiguration [null] for test class [com.hayeon.springboot.web.PostsApiControllerTest]
21:49:35.666 [Test worker] DEBUG org.springframework.test.annotation.ProfileValueUtils - Retrieved ProfileValueSource type [class org.springframework.test.annotation.SystemProfileValueSource] for class [com.hayeon.springboot.web.PostsApiControllerTest]
21:49:35.667 [Test worker] DEBUG org.springframework.test.annotation.ProfileValueUtils - Retrieved @ProfileValueSourceConfiguration [null] for test class [com.hayeon.springboot.web.PostsApiControllerTest]
21:49:35.668 [Test worker] DEBUG org.springframework.test.annotation.ProfileValueUtils - Retrieved ProfileValueSource type [class org.springframework.test.annotation.SystemProfileValueSource] for class [com.hayeon.springboot.web.PostsApiControllerTest]
21:49:35.679 [Test worker] DEBUG org.springframework.test.context.support.AbstractDirtiesContextTestExecutionListener - Before test class: context [DefaultTestContext@25f58f32 testClass = PostsApiControllerTest, testInstance = [null], testMethod = [null], testException = [null], mergedContextConfiguration = [WebMergedContextConfiguration@770c1242 testClass = PostsApiControllerTest, locations = '{}', classes = '{class com.hayeon.springboot.Application}', contextInitializerClasses = '[]', activeProfiles = '{}', propertySourceLocations = '{}', propertySourceProperties = '{org.springframework.boot.test.context.SpringBootTestContextBootstrapper=true, server.port=0}', contextCustomizers = set[org.springframework.boot.test.autoconfigure.properties.PropertyMappingContextCustomizer@0, org.springframework.boot.test.autoconfigure.web.servlet.WebDriverContextCustomizerFactory$Customizer@635941f8, org.springframework.boot.test.context.filter.ExcludeFilterContextCustomizer@2d412dc9, org.springframework.boot.test.json.DuplicateJsonObjectContextCustomizerFactory$DuplicateJsonObjectContextCustomizer@39afa81f, org.springframework.boot.test.mock.mockito.MockitoContextCustomizer@0, org.springframework.boot.test.web.client.TestRestTemplateContextCustomizer@4f809c86], resourceBasePath = 'src/main/webapp', contextLoader = 'org.springframework.boot.test.context.SpringBootContextLoader', parent = [null]], attributes = map['org.springframework.test.context.web.ServletTestExecutionListener.activateListener' -> false]], class annotated with @DirtiesContext [false] with mode [null].
21:49:35.681 [Test worker] DEBUG org.springframework.test.annotation.ProfileValueUtils - Retrieved @ProfileValueSourceConfiguration [null] for test class [com.hayeon.springboot.web.PostsApiControllerTest]
21:49:35.682 [Test worker] DEBUG org.springframework.test.annotation.ProfileValueUtils - Retrieved ProfileValueSource type [class org.springframework.test.annotation.SystemProfileValueSource] for class [com.hayeon.springboot.web.PostsApiControllerTest]
21:49:35.694 [Test worker] DEBUG org.springframework.test.context.support.DependencyInjectionTestExecutionListener - Performing dependency injection for test context [[DefaultTestContext@25f58f32 testClass = PostsApiControllerTest, testInstance = com.hayeon.springboot.web.PostsApiControllerTest@252bca4f, testMethod = [null], testException = [null], mergedContextConfiguration = [WebMergedContextConfiguration@770c1242 testClass = PostsApiControllerTest, locations = '{}', classes = '{class com.hayeon.springboot.Application}', contextInitializerClasses = '[]', activeProfiles = '{}', propertySourceLocations = '{}', propertySourceProperties = '{org.springframework.boot.test.context.SpringBootTestContextBootstrapper=true, server.port=0}', contextCustomizers = set[org.springframework.boot.test.autoconfigure.properties.PropertyMappingContextCustomizer@0, org.springframework.boot.test.autoconfigure.web.servlet.WebDriverContextCustomizerFactory$Customizer@635941f8, org.springframework.boot.test.context.filter.ExcludeFilterContextCustomizer@2d412dc9, org.springframework.boot.test.json.DuplicateJsonObjectContextCustomizerFactory$DuplicateJsonObjectContextCustomizer@39afa81f, org.springframework.boot.test.mock.mockito.MockitoContextCustomizer@0, org.springframework.boot.test.web.client.TestRestTemplateContextCustomizer@4f809c86], resourceBasePath = 'src/main/webapp', contextLoader = 'org.springframework.boot.test.context.SpringBootContextLoader', parent = [null]], attributes = map['org.springframework.test.context.web.ServletTestExecutionListener.activateListener' -> false]]].
21:49:35.751 [Test worker] DEBUG org.springframework.test.context.support.TestPropertySourceUtils - Adding inlined properties to environment: {spring.jmx.enabled=false, org.springframework.boot.test.context.SpringBootTestContextBootstrapper=true, server.port=0}

  .   ____          _            __ _ _
 /\\ / ___'_ __ _ _(_)_ __  __ _ \ \ \ \
( ( )\___ | '_ | '_| | '_ \/ _` | \ \ \ \
 \\/  ___)| |_)| | | | | || (_| |  ) ) ) )
  '  |____| .__|_| |_|_| |_\__, | / / / /
 =========|_|==============|___/=/_/_/_/
 :: Spring Boot ::        (v2.1.9.RELEASE)

2020-03-14 21:49:36.457  INFO 15972 --- [    Test worker] c.h.s.web.PostsApiControllerTest         : Starting PostsApiControllerTest on LAPTOP-JEUCP6D8 with PID 15972 (started by user in C:\Users\user\IdeaProjects\study)
2020-03-14 21:49:36.460  INFO 15972 --- [    Test worker] c.h.s.web.PostsApiControllerTest         : No active profile set, falling back to default profiles: default
2020-03-14 21:49:38.186  INFO 15972 --- [    Test worker] .s.d.r.c.RepositoryConfigurationDelegate : Bootstrapping Spring Data repositories in DEFAULT mode.
2020-03-14 21:49:38.435  INFO 15972 --- [    Test worker] .s.d.r.c.RepositoryConfigurationDelegate : Finished Spring Data repository scanning in 225ms. Found 1 repository interfaces.
2020-03-14 21:49:39.442  INFO 15972 --- [    Test worker] trationDelegate$BeanPostProcessorChecker : Bean 'org.springframework.transaction.annotation.ProxyTransactionManagementConfiguration' of type [org.springframework.transaction.annotation.ProxyTransactionManagementConfiguration$$EnhancerBySpringCGLIB$$1d9d8626] is not eligible for getting processed by all BeanPostProcessors (for example: not eligible for auto-proxying)
2020-03-14 21:49:40.704  INFO 15972 --- [    Test worker] o.s.b.w.embedded.tomcat.TomcatWebServer  : Tomcat initialized with port(s): 0 (http)
2020-03-14 21:49:40.781  INFO 15972 --- [    Test worker] o.apache.catalina.core.StandardService   : Starting service [Tomcat]
2020-03-14 21:49:40.782  INFO 15972 --- [    Test worker] org.apache.catalina.core.StandardEngine  : Starting Servlet engine: [Apache Tomcat/9.0.26]
2020-03-14 21:49:41.289  INFO 15972 --- [    Test worker] o.a.c.c.C.[Tomcat].[localhost].[/]       : Initializing Spring embedded WebApplicationContext
2020-03-14 21:49:41.289  INFO 15972 --- [    Test worker] o.s.web.context.ContextLoader            : Root WebApplicationContext: initialization completed in 4770 ms
2020-03-14 21:49:42.003  INFO 15972 --- [    Test worker] com.zaxxer.hikari.HikariDataSource       : HikariPool-1 - Starting...
2020-03-14 21:49:42.452  INFO 15972 --- [    Test worker] com.zaxxer.hikari.HikariDataSource       : HikariPool-1 - Start completed.
2020-03-14 21:49:42.774  INFO 15972 --- [    Test worker] o.hibernate.jpa.internal.util.LogHelper  : HHH000204: Processing PersistenceUnitInfo [
	name: default
	...]
2020-03-14 21:49:42.986  INFO 15972 --- [    Test worker] org.hibernate.Version                    : HHH000412: Hibernate Core {5.3.12.Final}
2020-03-14 21:49:42.992  INFO 15972 --- [    Test worker] org.hibernate.cfg.Environment            : HHH000206: hibernate.properties not found
2020-03-14 21:49:43.547  INFO 15972 --- [    Test worker] o.hibernate.annotations.common.Version   : HCANN000001: Hibernate Commons Annotations {5.0.4.Final}
2020-03-14 21:49:44.039  INFO 15972 --- [    Test worker] org.hibernate.dialect.Dialect            : HHH000400: Using dialect: org.hibernate.dialect.MySQL5Dialect
Hibernate: drop table if exists posts
Hibernate: create table posts (id bigint not null auto_increment, author varchar(255), content TEXT not null, title varchar(500) not null, primary key (id)) engine=MyISAM
2020-03-14 21:49:45.948  INFO 15972 --- [    Test worker] o.h.t.schema.internal.SchemaCreatorImpl  : HHH000476: Executing import script 'org.hibernate.tool.schema.internal.exec.ScriptSourceInputNonExistentImpl@a784f0b'
2020-03-14 21:49:45.956  INFO 15972 --- [    Test worker] j.LocalContainerEntityManagerFactoryBean : Initialized JPA EntityManagerFactory for persistence unit 'default'
2020-03-14 21:49:48.097  INFO 15972 --- [    Test worker] o.s.s.concurrent.ThreadPoolTaskExecutor  : Initializing ExecutorService 'applicationTaskExecutor'
2020-03-14 21:49:48.280  WARN 15972 --- [    Test worker] aWebConfiguration$JpaWebMvcConfiguration : spring.jpa.open-in-view is enabled by default. Therefore, database queries may be performed during view rendering. Explicitly configure spring.jpa.open-in-view to disable this warning
2020-03-14 21:49:48.980  INFO 15972 --- [    Test worker] o.s.b.w.embedded.tomcat.TomcatWebServer  : Tomcat started on port(s): 1061 (http) with context path ''
2020-03-14 21:49:48.983  INFO 15972 --- [    Test worker] c.h.s.web.PostsApiControllerTest         : Started PostsApiControllerTest in 13.227 seconds (JVM running for 17.944)
Hibernate: insert into posts (author, content, title) values (?, ?, ?)
2020-03-14 21:49:49.600  INFO 15972 --- [o-auto-1-exec-1] o.a.c.c.C.[Tomcat].[localhost].[/]       : Initializing Spring DispatcherServlet 'dispatcherServlet'
2020-03-14 21:49:49.601  INFO 15972 --- [o-auto-1-exec-1] o.s.web.servlet.DispatcherServlet        : Initializing Servlet 'dispatcherServlet'
2020-03-14 21:49:49.658  INFO 15972 --- [o-auto-1-exec-1] o.s.web.servlet.DispatcherServlet        : Completed initialization in 57 ms
Hibernate: select posts0_.id as id1_0_0_, posts0_.author as author2_0_0_, posts0_.content as content3_0_0_, posts0_.title as title4_0_0_ from posts posts0_ where posts0_.id=?
Hibernate: update posts set author=?, content=?, title=? where id=?
2020-03-14 21:49:50.095  INFO 15972 --- [    Test worker] o.h.h.i.QueryTranslatorFactoryInitiator  : HHH000397: Using ASTQueryTranslatorFactory
Hibernate: select posts0_.id as id1_0_, posts0_.author as author2_0_, posts0_.content as content3_0_, posts0_.title as title4_0_ from posts posts0_
]]></system-out>
  <system-err><![CDATA[]]></system-err>
</testsuite>
